Log file open, 04/17/19 10:59:43
LogWindows: Failed to load 'aqProf.dll' (GetLastError=126)
LogWindows: File 'aqProf.dll' does not exist
LogWindows: Failed to load 'VtuneApi.dll' (GetLastError=126)
LogWindows: File 'VtuneApi.dll' does not exist
LogWindows: Failed to load 'VtuneApi32e.dll' (GetLastError=126)
LogWindows: File 'VtuneApi32e.dll' does not exist
LogConsoleResponse: Display: Failed to find resolution value strings in scalability ini. Falling back to default.
LogInit: Display: Running engine for game: SeaMadness
LogPakFile: Registered encryption key '00000000000000000000000000000000': 0 pak files mounted, 0 remain pending
LogPlatformFile: Not using cached read wrapper
LogTaskGraph: Started task graph with 5 named threads and 47 total threads with 3 sets of task threads.
LogStats: Stats thread started at 0.552646
LogD3D11RHI: Loaded GFSDK_Aftermath_Lib.x64.dll
LogICUInternationalization: ICU TimeZone Detection - Raw Offset: -5:00, Platform Override: ''
LogPluginManager: Mounting plugin Paper2D
LogPluginManager: Mounting plugin AISupport
LogPluginManager: Mounting plugin LightPropagationVolume
LogPluginManager: Mounting plugin ActorLayerUtilities
LogPluginManager: Mounting plugin CLionSourceCodeAccess
LogPluginManager: Mounting plugin CodeLiteSourceCodeAccess
LogPluginManager: Mounting plugin GitSourceControl
LogPluginManager: Mounting plugin KDevelopSourceCodeAccess
LogPluginManager: Mounting plugin NullSourceCodeAccess
LogPluginManager: Mounting plugin PerforceSourceControl
LogPluginManager: Mounting plugin SubversionSourceControl
LogPluginManager: Mounting plugin UObjectPlugin
LogPluginManager: Mounting plugin VisualStudioCodeSourceCodeAccess
LogPluginManager: Mounting plugin VisualStudioSourceCodeAccess
LogPluginManager: Mounting plugin XCodeSourceCodeAccess
LogPluginManager: Mounting plugin AssetManagerEditor
LogPluginManager: Mounting plugin CryptoKeys
LogPluginManager: Mounting plugin DataValidation
LogPluginManager: Mounting plugin EditorScriptingUtilities
LogPluginManager: Mounting plugin FacialAnimation
LogPluginManager: Mounting plugin GameplayTagsEditor
LogPluginManager: Mounting plugin MacGraphicsSwitching
LogPluginManager: Mounting plugin MeshEditor
LogPluginManager: Mounting plugin MobileLauncherProfileWizard
LogPluginManager: Mounting plugin PluginBrowser
LogPluginManager: Mounting plugin SpeedTreeImporter
LogPluginManager: Mounting plugin DatasmithContent
LogPluginManager: Mounting plugin VariantManagerContent
LogPluginManager: Mounting plugin AlembicImporter
LogPluginManager: Mounting plugin AppleImageUtils
LogPluginManager: Mounting plugin AppleVision
LogPluginManager: Mounting plugin BackChannel
LogPluginManager: Mounting plugin CharacterAI
LogPluginManager: Mounting plugin GeometryCache
LogPluginManager: Mounting plugin HTML5Networking
LogPluginManager: Mounting plugin ProxyLODPlugin
LogPluginManager: Mounting plugin MagicLeap
LogPluginManager: Mounting plugin MagicLeapMedia
LogPluginManager: Mounting plugin AndroidMedia
LogPluginManager: Mounting plugin AvfMedia
LogPluginManager: Mounting plugin ImgMedia
LogPluginManager: Mounting plugin LinearTimecode
LogPluginManager: Mounting plugin MediaCompositing
LogPluginManager: Mounting plugin MediaPlayerEditor
LogPluginManager: Mounting plugin WebMMedia
LogPluginManager: Mounting plugin WmfMedia
LogPluginManager: Mounting plugin TcpMessaging
LogPluginManager: Mounting plugin UdpMessaging
LogPluginManager: Mounting plugin ActorSequence
LogPluginManager: Mounting plugin LevelSequenceEditor
LogPluginManager: Mounting plugin MatineeToLevelSequence
LogPluginManager: Mounting plugin NetcodeUnitTest
LogPluginManager: Mounting plugin NUTUnrealEngine4
LogPluginManager: Mounting plugin OnlineSubsystemGooglePlay
LogPluginManager: Mounting plugin OnlineSubsystemIOS
LogPluginManager: Mounting plugin OnlineSubsystem
LogPluginManager: Mounting plugin OnlineSubsystemNull
LogPluginManager: Mounting plugin OnlineSubsystemUtils
LogPluginManager: Mounting plugin LauncherChunkInstaller
LogPluginManager: Mounting plugin AndroidDeviceProfileSelector
LogPluginManager: Mounting plugin AndroidMoviePlayer
LogPluginManager: Mounting plugin AndroidPermission
LogPluginManager: Mounting plugin AppleMoviePlayer
LogPluginManager: Mounting plugin ArchVisCharacter
LogPluginManager: Mounting plugin AudioCapture
LogPluginManager: Mounting plugin CableComponent
LogPluginManager: Mounting plugin CustomMeshComponent
LogPluginManager: Mounting plugin EditableMesh
LogPluginManager: Mounting plugin ExampleDeviceProfileSelector
LogPluginManager: Mounting plugin Firebase
LogPluginManager: Mounting plugin GoogleCloudMessaging
LogPluginManager: Mounting plugin IOSDeviceProfileSelector
LogPluginManager: Mounting plugin LinuxDeviceProfileSelector
LogPluginManager: Mounting plugin LocationServicesBPLibrary
LogPluginManager: Mounting plugin MobilePatchingUtils
LogPluginManager: Mounting plugin OculusVR
LogPluginManager: Mounting plugin PhysXVehicles
LogPluginManager: Mounting plugin ProceduralMeshComponent
LogPluginManager: Mounting plugin RuntimePhysXCooking
LogPluginManager: Mounting plugin SteamVR
LogPluginManager: Mounting plugin WebMMoviePlayer
LogPluginManager: Mounting plugin WindowsMoviePlayer
LogPluginManager: Mounting plugin DatasmithCADImporter
LogPluginManager: Mounting plugin DatasmithFBXImporter
LogPluginManager: Mounting plugin DatasmithImporter
LogPluginManager: Mounting plugin MDLImporter
LogPluginManager: Mounting plugin StaticMeshEditorExtension
LogPluginManager: Mounting plugin VariantManager
LogStreaming: Display: Took  0.099s to configure plugins.
LogInit: Using libcurl 7.55.1-DEV
LogInit:  - built for x86_64-pc-win32
LogInit:  - supports SSL with OpenSSL/1.0.2h
LogInit:  - supports HTTP deflate (compression) using libz 1.2.8
LogInit:  - other features:
LogInit:      CURL_VERSION_SSL
LogInit:      CURL_VERSION_LIBZ
LogInit:      CURL_VERSION_IPV6
LogInit:      CURL_VERSION_ASYNCHDNS
LogInit:      CURL_VERSION_LARGEFILE
LogInit:      CURL_VERSION_IDN
LogInit:  CurlRequestOptions (configurable via config and command line):
LogInit:  - bVerifyPeer = true  - Libcurl will verify peer certificate
LogInit:  - bUseHttpProxy = false  - Libcurl will NOT use HTTP proxy
LogInit:  - bDontReuseConnections = false  - Libcurl will reuse connections
LogInit:  - MaxHostConnections = 16  - Libcurl will limit the number of connections to a host
LogInit:  - LocalHostAddr = Default
LogInit:  - BufferSize = 65536
LogInit: WinSock: version 1.1 (2.2), MaxSocks=32767, MaxUdp=65467
LogInit: Build: ++UE4+Release-4.21-CL-4753647
LogInit: Engine Version: 4.21.2-4753647+++UE4+Release-4.21
LogInit: Compatible Engine Version: 4.21.0-4541578+++UE4+Release-4.21
LogInit: Net CL: 4541578
LogInit: OS: Windows 10 (), CPU: AMD Ryzen 7 1700 Eight-Core Processor          , GPU: NVIDIA GeForce GTX 1080
LogInit: Compiled (64-bit): Jan 19 2019 02:07:31
LogInit: Compiled with Visual C++: 19.13.26129.00
LogInit: Build Configuration: Development
LogInit: Branch Name: ++UE4+Release-4.21
LogInit: Command Line: 
LogInit: Base Directory: D:/UE4/UE_4.21/Engine/Binaries/Win64/
LogInit: Installed Engine Build: 1
LogDevObjectVersion: Number of dev versions registered: 22
LogDevObjectVersion:   Dev-Blueprints (B0D832E4-1F89-4F0D-ACCF-7EB736FD4AA2): 10
LogDevObjectVersion:   Dev-Build (E1C64328-A22C-4D53-A36C-8E866417BD8C): 0
LogDevObjectVersion:   Dev-Core (375EC13C-06E4-48FB-B500-84F0262A717E): 2
LogDevObjectVersion:   Dev-Editor (E4B068ED-F494-42E9-A231-DA0B2E46BB41): 26
LogDevObjectVersion:   Dev-Framework (CFFC743F-43B0-4480-9391-14DF171D2073): 34
LogDevObjectVersion:   Dev-Mobile (B02B49B5-BB20-44E9-A304-32B752E40360): 2
LogDevObjectVersion:   Dev-Networking (A4E4105C-59A1-49B5-A7C5-40C4547EDFEE): 0
LogDevObjectVersion:   Dev-Online (39C831C9-5AE6-47DC-9A44-9C173E1C8E7C): 0
LogDevObjectVersion:   Dev-Physics (78F01B33-EBEA-4F98-B9B4-84EACCB95AA2): 0
LogDevObjectVersion:   Dev-Platform (6631380F-2D4D-43E0-8009-CF276956A95A): 0
LogDevObjectVersion:   Dev-Rendering (12F88B9F-8875-4AFC-A67C-D90C383ABD29): 27
LogDevObjectVersion:   Dev-Sequencer (7B5AE74C-D270-4C10-A958-57980B212A5A): 9
LogDevObjectVersion:   Dev-VR (D7296918-1DD6-4BDD-9DE2-64A83CC13884): 2
LogDevObjectVersion:   Dev-LoadTimes (C2A15278-BFE7-4AFE-6C17-90FF531DF755): 1
LogDevObjectVersion:   Private-Geometry (6EACA3D4-40EC-4CC1-B786-8BED09428FC5): 3
LogDevObjectVersion:   Dev-AnimPhys (29E575DD-E0A3-4627-9D10-D276232CDCEA): 17
LogDevObjectVersion:   Dev-Anim (AF43A65D-7FD3-4947-9873-3E8ED9C1BB05): 2
LogDevObjectVersion:   Dev-ReflectionCapture (6B266CEC-1EC7-4B8F-A30B-E4D90942FC07): 1
LogDevObjectVersion:   Dev-Automation (0DF73D61-A23F-47EA-B727-89E90C41499A): 1
LogDevObjectVersion:   FortniteMain (601D1886-AC64-4F84-AA16-D3DE0DEAC7D6): 17
LogDevObjectVersion:   Dev-Enterprise (9DFFBCD6-494F-0158-E221-12823C92A888): 4
LogDevObjectVersion:   Dev-Niagara (F2AED0AC-9AFE-416F-8664-AA7FFA26D6FC): 1
LogStreaming: Display: Took  0.001s to delete old logs.
LogInit: Presizing for max 8388607 objects, including 0 objects not considered by GC, pre-allocating 0 bytes for permanent pool.
LogInit: Object subsystem initialized
LogConfig: Setting CVar [[con.DebugEarlyDefault:1]]
LogConfig: Setting CVar [[r.setres:1280x720]]
[2019.04.17-14.59.44:192][  0]LogConfig: Setting CVar [[r.VSync:0]]
[2019.04.17-14.59.44:193][  0]LogConfig: Setting CVar [[r.RHICmdBypass:0]]
[2019.04.17-14.59.44:193][  0]LogConfig: Applying CVar settings from Section [/Script/Engine.RendererSettings] File [D:/Program Files (x86)/Github Repos/SeaMadness/SeaMadness/Saved/Config/Windows/Engine.ini]
[2019.04.17-14.59.44:193][  0]LogConfig: Setting CVar [[r.GPUCrashDebugging:0]]
[2019.04.17-14.59.44:193][  0]LogConfig: Applying CVar settings from Section [/Script/Engine.RendererOverrideSettings] File [D:/Program Files (x86)/Github Repos/SeaMadness/SeaMadness/Saved/Config/Windows/Engine.ini]
[2019.04.17-14.59.44:193][  0]LogConfig: Applying CVar settings from Section [/Script/Engine.StreamingSettings] File [D:/Program Files (x86)/Github Repos/SeaMadness/SeaMadness/Saved/Config/Windows/Engine.ini]
[2019.04.17-14.59.44:193][  0]LogConfig: Setting CVar [[s.MinBulkDataSizeForAsyncLoading:131072]]
[2019.04.17-14.59.44:193][  0]LogConfig: Setting CVar [[s.AsyncLoadingThreadEnabled:0]]
[2019.04.17-14.59.44:193][  0]LogConfig: Setting CVar [[s.EventDrivenLoaderEnabled:1]]
[2019.04.17-14.59.44:193][  0]LogConfig: Setting CVar [[s.WarnIfTimeLimitExceeded:0]]
[2019.04.17-14.59.44:193][  0]LogConfig: Setting CVar [[s.TimeLimitExceededMultiplier:1.5]]
[2019.04.17-14.59.44:193][  0]LogConfig: Setting CVar [[s.TimeLimitExceededMinTime:0.005]]
[2019.04.17-14.59.44:193][  0]LogConfig: Setting CVar [[s.UseBackgroundLevelStreaming:1]]
[2019.04.17-14.59.44:193][  0]LogConfig: Setting CVar [[s.PriorityAsyncLoadingExtraTime:15.0]]
[2019.04.17-14.59.44:193][  0]LogConfig: Setting CVar [[s.LevelStreamingActorsUpdateTimeLimit:5.0]]
[2019.04.17-14.59.44:193][  0]LogConfig: Setting CVar [[s.PriorityLevelStreamingActorsUpdateExtraTime:5.0]]
[2019.04.17-14.59.44:193][  0]LogConfig: Setting CVar [[s.LevelStreamingComponentsRegistrationGranularity:10]]
[2019.04.17-14.59.44:193][  0]LogConfig: Setting CVar [[s.UnregisterComponentsTimeLimit:1.0]]
[2019.04.17-14.59.44:193][  0]LogConfig: Setting CVar [[s.LevelStreamingComponentsUnregistrationGranularity:5]]
[2019.04.17-14.59.44:193][  0]LogConfig: Applying CVar settings from Section [/Script/Engine.GarbageCollectionSettings] File [D:/Program Files (x86)/Github Repos/SeaMadness/SeaMadness/Saved/Config/Windows/Engine.ini]
[2019.04.17-14.59.44:193][  0]LogConfig: Setting CVar [[gc.MaxObjectsNotConsideredByGC:1]]
[2019.04.17-14.59.44:193][  0]LogConfig: Setting CVar [[gc.SizeOfPermanentObjectPool:0]]
[2019.04.17-14.59.44:193][  0]LogConfig: Setting CVar [[gc.FlushStreamingOnGC:0]]
[2019.04.17-14.59.44:193][  0]LogConfig: Setting CVar [[gc.NumRetriesBeforeForcingGC:10]]
[2019.04.17-14.59.44:193][  0]LogConfig: Setting CVar [[gc.AllowParallelGC:1]]
[2019.04.17-14.59.44:193][  0]LogConfig: Setting CVar [[gc.TimeBetweenPurgingPendingKillObjects:61.1]]
[2019.04.17-14.59.44:194][  0]LogConfig: Setting CVar [[gc.MaxObjectsInEditor:8388607]]
[2019.04.17-14.59.44:194][  0]LogConfig: Setting CVar [[gc.IncrementalBeginDestroyEnabled:1]]
[2019.04.17-14.59.44:194][  0]LogConfig: Setting CVar [[gc.CreateGCClusters:1]]
[2019.04.17-14.59.44:194][  0]LogConfig: Setting CVar [[gc.MergeGCClusters:0]]
[2019.04.17-14.59.44:194][  0]LogConfig: Setting CVar [[gc.MinGCClusterSize:5]]
[2019.04.17-14.59.44:194][  0]LogConfig: Setting CVar [[gc.ActorClusteringEnabled:0]]
[2019.04.17-14.59.44:194][  0]LogConfig: Setting CVar [[gc.BlueprintClusteringEnabled:0]]
[2019.04.17-14.59.44:194][  0]LogConfig: Setting CVar [[gc.UseDisregardForGCOnDedicatedServers:0]]
[2019.04.17-14.59.44:194][  0]LogConfig: Applying CVar settings from Section [/Script/Engine.NetworkSettings] File [D:/Program Files (x86)/Github Repos/SeaMadness/SeaMadness/Saved/Config/Windows/Engine.ini]
[2019.04.17-14.59.44:194][  0]LogConfig: Applying CVar settings from Section [/Script/UnrealEd.CookerSettings] File [D:/Program Files (x86)/Github Repos/SeaMadness/SeaMadness/Saved/Config/Windows/Engine.ini]
[2019.04.17-14.59.44:198][  0]LogConfig: Applying CVar settings from Section [ViewDistanceQuality@3] File [D:/Program Files (x86)/Github Repos/SeaMadness/SeaMadness/Saved/Config/Windows/Scalability.ini]
[2019.04.17-14.59.44:198][  0]LogConfig: Setting CVar [[r.SkeletalMeshLODBias:0]]
[2019.04.17-14.59.44:198][  0]LogConfig: Setting CVar [[r.ViewDistanceScale:1.0]]
[2019.04.17-14.59.44:198][  0]LogConfig: Applying CVar settings from Section [AntiAliasingQuality@3] File [D:/Program Files (x86)/Github Repos/SeaMadness/SeaMadness/Saved/Config/Windows/Scalability.ini]
[2019.04.17-14.59.44:199][  0]LogConfig: Setting CVar [[r.PostProcessAAQuality:4]]
[2019.04.17-14.59.44:199][  0]LogConfig: Applying CVar settings from Section [ShadowQuality@3] File [D:/Program Files (x86)/Github Repos/SeaMadness/SeaMadness/Saved/Config/Windows/Scalability.ini]
[2019.04.17-14.59.44:199][  0]LogConfig: Setting CVar [[r.LightFunctionQuality:1]]
[2019.04.17-14.59.44:199][  0]LogConfig: Setting CVar [[r.ShadowQuality:5]]
[2019.04.17-14.59.44:199][  0]LogConfig: Setting CVar [[r.Shadow.CSM.MaxCascades:10]]
[2019.04.17-14.59.44:199][  0]LogConfig: Setting CVar [[r.Shadow.MaxResolution:2048]]
[2019.04.17-14.59.44:199][  0]LogConfig: Setting CVar [[r.Shadow.MaxCSMResolution:2048]]
[2019.04.17-14.59.44:199][  0]LogConfig: Setting CVar [[r.Shadow.RadiusThreshold:0.01]]
[2019.04.17-14.59.44:199][  0]LogConfig: Setting CVar [[r.Shadow.DistanceScale:1.0]]
[2019.04.17-14.59.44:199][  0]LogConfig: Setting CVar [[r.Shadow.CSM.TransitionScale:1.0]]
[2019.04.17-14.59.44:199][  0]LogConfig: Setting CVar [[r.Shadow.PreShadowResolutionFactor:1.0]]
[2019.04.17-14.59.44:199][  0]LogConfig: Setting CVar [[r.DistanceFieldShadowing:1]]
[2019.04.17-14.59.44:199][  0]LogConfig: Setting CVar [[r.DistanceFieldAO:1]]
[2019.04.17-14.59.44:199][  0]LogConfig: Setting CVar [[r.AOQuality:2]]
[2019.04.17-14.59.44:199][  0]LogConfig: Setting CVar [[r.VolumetricFog:1]]
[2019.04.17-14.59.44:199][  0]LogConfig: Setting CVar [[r.VolumetricFog.GridPixelSize:8]]
[2019.04.17-14.59.44:199][  0]LogConfig: Setting CVar [[r.VolumetricFog.GridSizeZ:128]]
[2019.04.17-14.59.44:199][  0]LogConfig: Setting CVar [[r.VolumetricFog.HistoryMissSupersampleCount:4]]
[2019.04.17-14.59.44:199][  0]LogConfig: Setting CVar [[r.LightMaxDrawDistanceScale:1]]
[2019.04.17-14.59.44:199][  0]LogConfig: Setting CVar [[r.CapsuleShadows:1]]
[2019.04.17-14.59.44:199][  0]LogConfig: Applying CVar settings from Section [PostProcessQuality@3] File [D:/Program Files (x86)/Github Repos/SeaMadness/SeaMadness/Saved/Config/Windows/Scalability.ini]
[2019.04.17-14.59.44:199][  0]LogConfig: Setting CVar [[r.MotionBlurQuality:4]]
[2019.04.17-14.59.44:199][  0]LogConfig: Setting CVar [[r.AmbientOcclusionMipLevelFactor:0.4]]
[2019.04.17-14.59.44:199][  0]LogConfig: Setting CVar [[r.AmbientOcclusionMaxQuality:100]]
[2019.04.17-14.59.44:199][  0]LogConfig: Setting CVar [[r.AmbientOcclusionLevels:-1]]
[2019.04.17-14.59.44:199][  0]LogConfig: Setting CVar [[r.AmbientOcclusionRadiusScale:1.0]]
[2019.04.17-14.59.44:199][  0]LogConfig: Setting CVar [[r.DepthOfFieldQuality:2]]
[2019.04.17-14.59.44:199][  0]LogConfig: Setting CVar [[r.RenderTargetPoolMin:400]]
[2019.04.17-14.59.44:200][  0]LogConfig: Setting CVar [[r.LensFlareQuality:2]]
[2019.04.17-14.59.44:200][  0]LogConfig: Setting CVar [[r.SceneColorFringeQuality:1]]
[2019.04.17-14.59.44:200][  0]LogConfig: Setting CVar [[r.EyeAdaptationQuality:2]]
[2019.04.17-14.59.44:200][  0]LogConfig: Setting CVar [[r.BloomQuality:5]]
[2019.04.17-14.59.44:200][  0]LogConfig: Setting CVar [[r.FastBlurThreshold:100]]
[2019.04.17-14.59.44:200][  0]LogConfig: Setting CVar [[r.Upscale.Quality:3]]
[2019.04.17-14.59.44:200][  0]LogConfig: Setting CVar [[r.Tonemapper.GrainQuantization:1]]
[2019.04.17-14.59.44:200][  0]LogConfig: Setting CVar [[r.LightShaftQuality:1]]
[2019.04.17-14.59.44:200][  0]LogConfig: Setting CVar [[r.Filter.SizeScale:1]]
[2019.04.17-14.59.44:200][  0]LogConfig: Setting CVar [[r.Tonemapper.Quality:5]]
[2019.04.17-14.59.44:200][  0]LogConfig: Setting CVar [[r.DOF.Gather.AccumulatorQuality:1        ; higher gathering accumulator quality]]
[2019.04.17-14.59.44:200][  0]LogConfig: Setting CVar [[r.DOF.Gather.PostfilterMethod:1          ; Median3x3 postfilering method]]
[2019.04.17-14.59.44:200][  0]LogConfig: Setting CVar [[r.DOF.Gather.EnableBokehSettings:0       ; no bokeh simulation when gathering]]
[2019.04.17-14.59.44:200][  0]LogConfig: Setting CVar [[r.DOF.Gather.RingCount:4                 ; medium number of samples when gathering]]
[2019.04.17-14.59.44:200][  0]LogConfig: Setting CVar [[r.DOF.Scatter.ForegroundCompositing:1    ; additive foreground scattering]]
[2019.04.17-14.59.44:200][  0]LogConfig: Setting CVar [[r.DOF.Scatter.BackgroundCompositing:2    ; additive background scattering]]
[2019.04.17-14.59.44:200][  0]LogConfig: Setting CVar [[r.DOF.Scatter.EnableBokehSettings:1      ; bokeh simulation when scattering]]
[2019.04.17-14.59.44:200][  0]LogConfig: Setting CVar [[r.DOF.Scatter.MaxSpriteRatio:0.1         ; only a maximum of 10% of scattered bokeh]]
[2019.04.17-14.59.44:200][  0]LogConfig: Setting CVar [[r.DOF.Recombine.Quality:1                ; cheap slight out of focus]]
[2019.04.17-14.59.44:200][  0]LogConfig: Setting CVar [[r.DOF.Recombine.EnableBokehSettings:0    ; no bokeh simulation on slight out of focus]]
[2019.04.17-14.59.44:200][  0]LogConfig: Setting CVar [[r.DOF.TemporalAAQuality:1                ; more stable temporal accumulation]]
[2019.04.17-14.59.44:200][  0]LogConfig: Setting CVar [[r.DOF.Kernel.MaxForegroundRadius:0.025]]
[2019.04.17-14.59.44:200][  0]LogConfig: Setting CVar [[r.DOF.Kernel.MaxBackgroundRadius:0.025]]
[2019.04.17-14.59.44:200][  0]LogConfig: Applying CVar settings from Section [TextureQuality@3] File [D:/Program Files (x86)/Github Repos/SeaMadness/SeaMadness/Saved/Config/Windows/Scalability.ini]
[2019.04.17-14.59.44:200][  0]LogConfig: Setting CVar [[r.Streaming.MipBias:0]]
[2019.04.17-14.59.44:200][  0]LogConfig: Setting CVar [[r.Streaming.AmortizeCPUToGPUCopy:0]]
[2019.04.17-14.59.44:200][  0]LogConfig: Setting CVar [[r.Streaming.MaxNumTexturesToStreamPerFrame:0]]
[2019.04.17-14.59.44:200][  0]LogConfig: Setting CVar [[r.Streaming.Boost:1]]
[2019.04.17-14.59.44:200][  0]LogConfig: Setting CVar [[r.MaxAnisotropy:8]]
[2019.04.17-14.59.44:201][  0]LogConfig: Setting CVar [[r.Streaming.LimitPoolSizeToVRAM:0]]
[2019.04.17-14.59.44:201][  0]LogConfig: Setting CVar [[r.Streaming.PoolSize:1000]]
[2019.04.17-14.59.44:201][  0]LogConfig: Setting CVar [[r.Streaming.MaxEffectiveScreenSize:0]]
[2019.04.17-14.59.44:201][  0]LogConfig: Applying CVar settings from Section [EffectsQuality@3] File [D:/Program Files (x86)/Github Repos/SeaMadness/SeaMadness/Saved/Config/Windows/Scalability.ini]
[2019.04.17-14.59.44:201][  0]LogConfig: Setting CVar [[r.TranslucencyLightingVolumeDim:64]]
[2019.04.17-14.59.44:201][  0]LogConfig: Setting CVar [[r.RefractionQuality:2]]
[2019.04.17-14.59.44:201][  0]LogConfig: Setting CVar [[r.SSR.Quality:3]]
[2019.04.17-14.59.44:201][  0]LogConfig: Setting CVar [[r.SceneColorFormat:4]]
[2019.04.17-14.59.44:201][  0]LogConfig: Setting CVar [[r.DetailMode:2]]
[2019.04.17-14.59.44:201][  0]LogConfig: Setting CVar [[r.TranslucencyVolumeBlur:1]]
[2019.04.17-14.59.44:201][  0]LogConfig: Setting CVar [[r.MaterialQualityLevel:1 ; High quality]]
[2019.04.17-14.59.44:201][  0]LogConfig: Setting CVar [[r.SSS.Scale:1]]
[2019.04.17-14.59.44:201][  0]LogConfig: Setting CVar [[r.SSS.SampleSet:2]]
[2019.04.17-14.59.44:201][  0]LogConfig: Setting CVar [[r.SSS.Quality:1]]
[2019.04.17-14.59.44:201][  0]LogConfig: Setting CVar [[r.SSS.HalfRes:1]]
[2019.04.17-14.59.44:201][  0]LogConfig: Setting CVar [[r.EmitterSpawnRateScale:1.0]]
[2019.04.17-14.59.44:201][  0]LogConfig: Setting CVar [[r.ParticleLightQuality:2]]
[2019.04.17-14.59.44:201][  0]LogConfig: Applying CVar settings from Section [FoliageQuality@3] File [D:/Program Files (x86)/Github Repos/SeaMadness/SeaMadness/Saved/Config/Windows/Scalability.ini]
[2019.04.17-14.59.44:201][  0]LogConfig: Setting CVar [[foliage.DensityScale:1.0]]
[2019.04.17-14.59.44:201][  0]LogConfig: Setting CVar [[grass.DensityScale:1.0]]
[2019.04.17-14.59.44:201][  0]LogInit: Selected Device Profile: [Windows]
[2019.04.17-14.59.44:201][  0]LogInit: Applying CVar settings loaded from the selected device profile: [Windows]
[2019.04.17-14.59.44:229][  0]LogHAL: Display: Platform has ~ 16 GB [17127874560 / 17179869184 / 16], which maps to Larger [LargestMinGB=32, LargerMinGB=12, DefaultMinGB=8, SmallerMinGB=6, SmallestMinGB=0)
[2019.04.17-14.59.44:229][  0]LogConfig: Setting CVar [[r.Vulkan.UseRealUBs:1]]
[2019.04.17-14.59.44:229][  0]LogInit: Going up to parent DeviceProfile []
[2019.04.17-14.59.44:229][  0]LogConfig: Applying CVar settings from Section [ViewDistanceQuality@3] File [D:/Program Files (x86)/Github Repos/SeaMadness/SeaMadness/Saved/Config/Windows/Scalability.ini]
[2019.04.17-14.59.44:229][  0]LogConfig: Setting CVar [[r.SkeletalMeshLODBias:0]]
[2019.04.17-14.59.44:230][  0]LogConfig: Setting CVar [[r.ViewDistanceScale:1.0]]
[2019.04.17-14.59.44:230][  0]LogConfig: Applying CVar settings from Section [AntiAliasingQuality@3] File [D:/Program Files (x86)/Github Repos/SeaMadness/SeaMadness/Saved/Config/Windows/Scalability.ini]
[2019.04.17-14.59.44:230][  0]LogConfig: Setting CVar [[r.PostProcessAAQuality:4]]
[2019.04.17-14.59.44:230][  0]LogConfig: Applying CVar settings from Section [ShadowQuality@3] File [D:/Program Files (x86)/Github Repos/SeaMadness/SeaMadness/Saved/Config/Windows/Scalability.ini]
[2019.04.17-14.59.44:230][  0]LogConfig: Setting CVar [[r.LightFunctionQuality:1]]
[2019.04.17-14.59.44:230][  0]LogConfig: Setting CVar [[r.ShadowQuality:5]]
[2019.04.17-14.59.44:230][  0]LogConfig: Setting CVar [[r.Shadow.CSM.MaxCascades:10]]
[2019.04.17-14.59.44:230][  0]LogConfig: Setting CVar [[r.Shadow.MaxResolution:2048]]
[2019.04.17-14.59.44:230][  0]LogConfig: Setting CVar [[r.Shadow.MaxCSMResolution:2048]]
[2019.04.17-14.59.44:230][  0]LogConfig: Setting CVar [[r.Shadow.RadiusThreshold:0.01]]
[2019.04.17-14.59.44:230][  0]LogConfig: Setting CVar [[r.Shadow.DistanceScale:1.0]]
[2019.04.17-14.59.44:230][  0]LogConfig: Setting CVar [[r.Shadow.CSM.TransitionScale:1.0]]
[2019.04.17-14.59.44:230][  0]LogConfig: Setting CVar [[r.Shadow.PreShadowResolutionFactor:1.0]]
[2019.04.17-14.59.44:230][  0]LogConfig: Setting CVar [[r.DistanceFieldShadowing:1]]
[2019.04.17-14.59.44:230][  0]LogConfig: Setting CVar [[r.DistanceFieldAO:1]]
[2019.04.17-14.59.44:230][  0]LogConfig: Setting CVar [[r.AOQuality:2]]
[2019.04.17-14.59.44:230][  0]LogConfig: Setting CVar [[r.VolumetricFog:1]]
[2019.04.17-14.59.44:230][  0]LogConfig: Setting CVar [[r.VolumetricFog.GridPixelSize:8]]
[2019.04.17-14.59.44:230][  0]LogConfig: Setting CVar [[r.VolumetricFog.GridSizeZ:128]]
[2019.04.17-14.59.44:230][  0]LogConfig: Setting CVar [[r.VolumetricFog.HistoryMissSupersampleCount:4]]
[2019.04.17-14.59.44:230][  0]LogConfig: Setting CVar [[r.LightMaxDrawDistanceScale:1]]
[2019.04.17-14.59.44:230][  0]LogConfig: Setting CVar [[r.CapsuleShadows:1]]
[2019.04.17-14.59.44:230][  0]LogConfig: Applying CVar settings from Section [PostProcessQuality@3] File [D:/Program Files (x86)/Github Repos/SeaMadness/SeaMadness/Saved/Config/Windows/Scalability.ini]
[2019.04.17-14.59.44:230][  0]LogConfig: Setting CVar [[r.MotionBlurQuality:4]]
[2019.04.17-14.59.44:230][  0]LogConfig: Setting CVar [[r.AmbientOcclusionMipLevelFactor:0.4]]
[2019.04.17-14.59.44:230][  0]LogConfig: Setting CVar [[r.AmbientOcclusionMaxQuality:100]]
[2019.04.17-14.59.44:230][  0]LogConfig: Setting CVar [[r.AmbientOcclusionLevels:-1]]
[2019.04.17-14.59.44:230][  0]LogConfig: Setting CVar [[r.AmbientOcclusionRadiusScale:1.0]]
[2019.04.17-14.59.44:231][  0]LogConfig: Setting CVar [[r.DepthOfFieldQuality:2]]
[2019.04.17-14.59.44:231][  0]LogConfig: Setting CVar [[r.RenderTargetPoolMin:400]]
[2019.04.17-14.59.44:231][  0]LogConfig: Setting CVar [[r.LensFlareQuality:2]]
[2019.04.17-14.59.44:231][  0]LogConfig: Setting CVar [[r.SceneColorFringeQuality:1]]
[2019.04.17-14.59.44:231][  0]LogConfig: Setting CVar [[r.EyeAdaptationQuality:2]]
[2019.04.17-14.59.44:231][  0]LogConfig: Setting CVar [[r.BloomQuality:5]]
[2019.04.17-14.59.44:231][  0]LogConfig: Setting CVar [[r.FastBlurThreshold:100]]
[2019.04.17-14.59.44:231][  0]LogConfig: Setting CVar [[r.Upscale.Quality:3]]
[2019.04.17-14.59.44:231][  0]LogConfig: Setting CVar [[r.Tonemapper.GrainQuantization:1]]
[2019.04.17-14.59.44:231][  0]LogConfig: Setting CVar [[r.LightShaftQuality:1]]
[2019.04.17-14.59.44:231][  0]LogConfig: Setting CVar [[r.Filter.SizeScale:1]]
[2019.04.17-14.59.44:231][  0]LogConfig: Setting CVar [[r.Tonemapper.Quality:5]]
[2019.04.17-14.59.44:231][  0]LogConfig: Setting CVar [[r.DOF.Gather.AccumulatorQuality:1        ; higher gathering accumulator quality]]
[2019.04.17-14.59.44:231][  0]LogConfig: Setting CVar [[r.DOF.Gather.PostfilterMethod:1          ; Median3x3 postfilering method]]
[2019.04.17-14.59.44:231][  0]LogConfig: Setting CVar [[r.DOF.Gather.EnableBokehSettings:0       ; no bokeh simulation when gathering]]
[2019.04.17-14.59.44:231][  0]LogConfig: Setting CVar [[r.DOF.Gather.RingCount:4                 ; medium number of samples when gathering]]
[2019.04.17-14.59.44:231][  0]LogConfig: Setting CVar [[r.DOF.Scatter.ForegroundCompositing:1    ; additive foreground scattering]]
[2019.04.17-14.59.44:231][  0]LogConfig: Setting CVar [[r.DOF.Scatter.BackgroundCompositing:2    ; additive background scattering]]
[2019.04.17-14.59.44:231][  0]LogConfig: Setting CVar [[r.DOF.Scatter.EnableBokehSettings:1      ; bokeh simulation when scattering]]
[2019.04.17-14.59.44:231][  0]LogConfig: Setting CVar [[r.DOF.Scatter.MaxSpriteRatio:0.1         ; only a maximum of 10% of scattered bokeh]]
[2019.04.17-14.59.44:231][  0]LogConfig: Setting CVar [[r.DOF.Recombine.Quality:1                ; cheap slight out of focus]]
[2019.04.17-14.59.44:231][  0]LogConfig: Setting CVar [[r.DOF.Recombine.EnableBokehSettings:0    ; no bokeh simulation on slight out of focus]]
[2019.04.17-14.59.44:231][  0]LogConfig: Setting CVar [[r.DOF.TemporalAAQuality:1                ; more stable temporal accumulation]]
[2019.04.17-14.59.44:231][  0]LogConfig: Setting CVar [[r.DOF.Kernel.MaxForegroundRadius:0.025]]
[2019.04.17-14.59.44:231][  0]LogConfig: Setting CVar [[r.DOF.Kernel.MaxBackgroundRadius:0.025]]
[2019.04.17-14.59.44:231][  0]LogConfig: Applying CVar settings from Section [TextureQuality@3] File [D:/Program Files (x86)/Github Repos/SeaMadness/SeaMadness/Saved/Config/Windows/Scalability.ini]
[2019.04.17-14.59.44:231][  0]LogConfig: Setting CVar [[r.Streaming.MipBias:0]]
[2019.04.17-14.59.44:231][  0]LogConfig: Setting CVar [[r.Streaming.AmortizeCPUToGPUCopy:0]]
[2019.04.17-14.59.44:231][  0]LogConfig: Setting CVar [[r.Streaming.MaxNumTexturesToStreamPerFrame:0]]
[2019.04.17-14.59.44:232][  0]LogConfig: Setting CVar [[r.Streaming.Boost:1]]
[2019.04.17-14.59.44:232][  0]LogConfig: Setting CVar [[r.MaxAnisotropy:8]]
[2019.04.17-14.59.44:232][  0]LogConfig: Setting CVar [[r.Streaming.LimitPoolSizeToVRAM:0]]
[2019.04.17-14.59.44:232][  0]LogConfig: Setting CVar [[r.Streaming.PoolSize:1000]]
[2019.04.17-14.59.44:232][  0]LogConfig: Setting CVar [[r.Streaming.MaxEffectiveScreenSize:0]]
[2019.04.17-14.59.44:232][  0]LogConfig: Applying CVar settings from Section [EffectsQuality@3] File [D:/Program Files (x86)/Github Repos/SeaMadness/SeaMadness/Saved/Config/Windows/Scalability.ini]
[2019.04.17-14.59.44:232][  0]LogConfig: Setting CVar [[r.TranslucencyLightingVolumeDim:64]]
[2019.04.17-14.59.44:232][  0]LogConfig: Setting CVar [[r.RefractionQuality:2]]
[2019.04.17-14.59.44:232][  0]LogConfig: Setting CVar [[r.SSR.Quality:3]]
[2019.04.17-14.59.44:232][  0]LogConfig: Setting CVar [[r.SceneColorFormat:4]]
[2019.04.17-14.59.44:232][  0]LogConfig: Setting CVar [[r.DetailMode:2]]
[2019.04.17-14.59.44:232][  0]LogConfig: Setting CVar [[r.TranslucencyVolumeBlur:1]]
[2019.04.17-14.59.44:232][  0]LogConfig: Setting CVar [[r.MaterialQualityLevel:1 ; High quality]]
[2019.04.17-14.59.44:232][  0]LogConfig: Setting CVar [[r.SSS.Scale:1]]
[2019.04.17-14.59.44:232][  0]LogConfig: Setting CVar [[r.SSS.SampleSet:2]]
[2019.04.17-14.59.44:232][  0]LogConfig: Setting CVar [[r.SSS.Quality:1]]
[2019.04.17-14.59.44:232][  0]LogConfig: Setting CVar [[r.SSS.HalfRes:1]]
[2019.04.17-14.59.44:232][  0]LogConfig: Setting CVar [[r.EmitterSpawnRateScale:1.0]]
[2019.04.17-14.59.44:232][  0]LogConfig: Setting CVar [[r.ParticleLightQuality:2]]
[2019.04.17-14.59.44:232][  0]LogConfig: Applying CVar settings from Section [FoliageQuality@3] File [D:/Program Files (x86)/Github Repos/SeaMadness/SeaMadness/Saved/Config/Windows/Scalability.ini]
[2019.04.17-14.59.44:232][  0]LogConfig: Setting CVar [[foliage.DensityScale:1.0]]
[2019.04.17-14.59.44:232][  0]LogConfig: Setting CVar [[grass.DensityScale:1.0]]
[2019.04.17-14.59.44:232][  0]LogConfig: Applying CVar settings from Section [Startup] File [../../../Engine/Config/ConsoleVariables.ini]
[2019.04.17-14.59.44:233][  0]LogConfig: Setting CVar [[net.UseAdaptiveNetUpdateFrequency:0]]
[2019.04.17-14.59.44:233][  0]LogConfig: Applying CVar settings from Section [ConsoleVariables] File [D:/Program Files (x86)/Github Repos/SeaMadness/SeaMadness/Saved/Config/Windows/Engine.ini]
[2019.04.17-14.59.44:233][  0]LogInit: Computer: DESKTOP-EF7ETIK
[2019.04.17-14.59.44:233][  0]LogInit: User: AustinWeiler
[2019.04.17-14.59.44:233][  0]LogInit: CPU Page size=4096, Cores=8
[2019.04.17-14.59.44:233][  0]LogInit: High frequency timer resolution =10.000000 MHz
[2019.04.17-14.59.44:234][  0]LogMemory: Memory total: Physical=16.0GB (16GB approx)
[2019.04.17-14.59.44:234][  0]LogMemory: Platform Memory Stats for Windows
[2019.04.17-14.59.44:234][  0]LogMemory: Process Physical Memory: 104.19 MB used, 104.20 MB peak
[2019.04.17-14.59.44:234][  0]LogMemory: Process Virtual Memory: 91.85 MB used, 91.85 MB peak
[2019.04.17-14.59.44:234][  0]LogMemory: Physical Memory: 5554.20 MB used,  10780.22 MB free, 16334.41 MB total
[2019.04.17-14.59.44:234][  0]LogMemory: Virtual Memory: 4683.14 MB used,  134213048.00 MB free, 134217728.00 MB total
[2019.04.17-14.59.44:264][  0]LogInit: Using OS detected language (en-US).
[2019.04.17-14.59.44:264][  0]LogInit: Using OS detected locale (en-US).
[2019.04.17-14.59.44:265][  0]LogTextLocalizationManager: No specific localization for 'en-US' exists, so the 'en' localization will be used.
[2019.04.17-14.59.44:702][  0]LogStreaming: Display: Took  0.438s to InitEngineTextLocalization.
[2019.04.17-14.59.44:702][  0]LogInit: Setting process to per monitor DPI aware
[2019.04.17-14.59.44:733][  0]LogSlate: New Slate User Created.  User Index 0, Is Virtual User: 0
[2019.04.17-14.59.44:733][  0]LogSlate: Slate User Registered.  User Index 0, Is Virtual User: 0
[2019.04.17-14.59.45:068][  0]LogHMD: Failed to initialize OpenVR with code 110
[2019.04.17-14.59.45:068][  0]LogD3D11RHI: D3D11 adapters:
[2019.04.17-14.59.45:143][  0]LogD3D11RHI:    0. 'NVIDIA GeForce GTX 1080' (Feature Level 11_0)
[2019.04.17-14.59.45:144][  0]LogD3D11RHI:       8079/0/8167 MB DedicatedVideo/DedicatedSystem/SharedSystem, Outputs:1, VendorId:0x10de
[2019.04.17-14.59.45:146][  0]LogD3D11RHI:    1. 'Microsoft Basic Render Driver' (Feature Level 11_0)
[2019.04.17-14.59.45:146][  0]LogD3D11RHI:       0/0/8167 MB DedicatedVideo/DedicatedSystem/SharedSystem, Outputs:0, VendorId:0x1414
[2019.04.17-14.59.45:146][  0]LogD3D11RHI: Chosen D3D11 Adapter: 0
[2019.04.17-14.59.45:153][  0]LogD3D11RHI: Creating new Direct3DDevice
[2019.04.17-14.59.45:154][  0]LogD3D11RHI:     GPU DeviceId: 0x1b80 (for the marketing name, search the web for "GPU Device Id")
[2019.04.17-14.59.45:154][  0]LogWindows: EnumDisplayDevices:
[2019.04.17-14.59.45:154][  0]LogWindows:    0. 'NVIDIA GeForce GTX 1080' (P:1 D:1)
[2019.04.17-14.59.45:154][  0]LogWindows:    1. 'NVIDIA GeForce GTX 1080' (P:0 D:0)
[2019.04.17-14.59.45:154][  0]LogWindows:    2. 'NVIDIA GeForce GTX 1080' (P:0 D:0)
[2019.04.17-14.59.45:154][  0]LogWindows:    3. 'NVIDIA GeForce GTX 1080' (P:0 D:0)
[2019.04.17-14.59.45:155][  0]LogWindows: DebugString: FoundDriverCount:4 
[2019.04.17-14.59.45:155][  0]LogD3D11RHI:     Adapter Name: NVIDIA GeForce GTX 1080
[2019.04.17-14.59.45:155][  0]LogD3D11RHI:   Driver Version: 425.31 (internal:25.21.14.2531, unified:425.31)
[2019.04.17-14.59.45:155][  0]LogD3D11RHI:      Driver Date: 4-9-2019
[2019.04.17-14.59.45:155][  0]LogRHI: Texture pool is 5655 MB (70% of 8079 MB)
[2019.04.17-14.59.45:209][  0]LogD3D11RHI: Async texture creation enabled
[2019.04.17-14.59.45:224][  0]LogD3D11RHI: GPU Timing Frequency: 1000.000000 (Debug: 2 1)
[2019.04.17-14.59.45:708][  0]LogTemp: Display: Loaded TP AllDesktopTargetPlatform
[2019.04.17-14.59.45:723][  0]LogTemp: Display: Loaded TP MacClientTargetPlatform
[2019.04.17-14.59.45:739][  0]LogTemp: Display: Loaded TP MacNoEditorTargetPlatform
[2019.04.17-14.59.45:754][  0]LogTemp: Display: Loaded TP MacServerTargetPlatform
[2019.04.17-14.59.45:770][  0]LogTemp: Display: Loaded TP MacTargetPlatform
[2019.04.17-14.59.45:786][  0]LogTemp: Display: Loaded TP WindowsClientTargetPlatform
[2019.04.17-14.59.45:802][  0]LogTemp: Display: Loaded TP WindowsNoEditorTargetPlatform
[2019.04.17-14.59.45:836][  0]LogTemp: Display: Loaded TP WindowsServerTargetPlatform
[2019.04.17-14.59.45:851][  0]LogTemp: Display: Loaded TP WindowsTargetPlatform
[2019.04.17-14.59.45:960][  0]LogTemp: Display: Loaded TP AndroidTargetPlatform
[2019.04.17-14.59.45:961][  0]LogTemp: Display: Loaded TP AndroidTargetPlatform
[2019.04.17-14.59.45:961][  0]LogTemp: Display: Loaded TP AndroidTargetPlatform
[2019.04.17-14.59.45:961][  0]LogTemp: Display: Loaded TP AndroidTargetPlatform
[2019.04.17-14.59.45:961][  0]LogTemp: Display: Loaded TP AndroidTargetPlatform
[2019.04.17-14.59.45:961][  0]LogTemp: Display: Loaded TP AndroidTargetPlatform
[2019.04.17-14.59.45:961][  0]LogTemp: Display: Loaded TP AndroidTargetPlatform
[2019.04.17-14.59.45:961][  0]LogTemp: Display: Loaded TP AndroidTargetPlatform
[2019.04.17-14.59.45:961][  0]LogTemp: Display: Loaded TP AndroidTargetPlatform
[2019.04.17-14.59.45:961][  0]LogTemp: Display: Loaded TP AndroidTargetPlatform
[2019.04.17-14.59.45:961][  0]LogTemp: Display: Loaded TP AndroidTargetPlatform
[2019.04.17-14.59.45:961][  0]LogTemp: Display: Loaded TP AndroidTargetPlatform
[2019.04.17-14.59.45:961][  0]LogTemp: Display: Loaded TP AndroidTargetPlatform
[2019.04.17-14.59.45:961][  0]LogTemp: Display: Loaded TP AndroidTargetPlatform
[2019.04.17-14.59.45:961][  0]LogTemp: Display: Loaded TP AndroidTargetPlatform
[2019.04.17-14.59.45:961][  0]LogTemp: Display: Loaded TP AndroidTargetPlatform
[2019.04.17-14.59.45:961][  0]LogTemp: Display: Loaded TP AndroidTargetPlatform
[2019.04.17-14.59.45:961][  0]LogTemp: Display: Loaded TP AndroidTargetPlatform
[2019.04.17-14.59.45:962][  0]LogTemp: Display: Loaded TP HTML5TargetPlatform
[2019.04.17-14.59.46:047][  0]LogTemp: Display: Loaded TP IOSTargetPlatform
[2019.04.17-14.59.46:047][  0]LogTemp: Display: Loaded TP IOSTargetPlatform
[2019.04.17-14.59.46:114][  0]LogTemp: Display: Loaded TP TVOSTargetPlatform
[2019.04.17-14.59.46:114][  0]LogTemp: Display: Loaded TP TVOSTargetPlatform
[2019.04.17-14.59.46:141][  0]LogTemp: Display: Loaded TP LinuxClientTargetPlatform
[2019.04.17-14.59.46:156][  0]LogTemp: Display: Loaded TP LinuxNoEditorTargetPlatform
[2019.04.17-14.59.46:172][  0]LogTemp: Display: Loaded TP LinuxServerTargetPlatform
[2019.04.17-14.59.46:188][  0]LogTemp: Display: Loaded TP LinuxTargetPlatform
[2019.04.17-14.59.46:247][  0]LogTemp: Display: Loaded TP LuminTargetPlatform
[2019.04.17-14.59.46:247][  0]LogTemp: Display: Loaded TP LuminTargetPlatform
[2019.04.17-14.59.46:247][  0]LogTargetPlatformManager: Display: Building Assets For Windows
[2019.04.17-14.59.46:317][  0]LogShaderCompilers: Guid format shader working directory is -15 characters bigger than the processId version (../../../../../Program Files (x86)/Github Repos/SeaMadness/SeaMadness/Intermediate/Shaders/WorkingDirectory/2232/).
[2019.04.17-14.59.46:318][  0]LogShaderCompilers: Cleaned the shader compiler working directory 'C:/Users/Austin Weiler/AppData/Local/Temp/UnrealShaderWorkingDir/1FD830514498A0719F7620BA92D1166D/'.
[2019.04.17-14.59.46:319][  0]LogXGEController: Cleaning working directory: C:/Users/Austin Weiler/AppData/Local/Temp/UnrealXGEWorkingDir/
[2019.04.17-14.59.46:319][  0]LogXGEController: Cannot use XGE Controller as Incredibuild is not installed on this machine.
[2019.04.17-14.59.46:319][  0]LogShaderCompilers: Cannot use XGE Shader Compiler as Incredibuild is not installed on this machine.
[2019.04.17-14.59.46:319][  0]LogShaderCompilers: Display: Using Local Shader Compiler.
[2019.04.17-14.59.46:962][  0]LogDerivedDataCache: Display: Max Cache Size: 512 MB
[2019.04.17-14.59.47:007][  0]LogDerivedDataCache: Loaded boot cache 0.05s 71MB C:/Users/Austin Weiler/AppData/Local/UnrealEngine/4.21/DerivedDataCache/Boot.ddc.
[2019.04.17-14.59.47:007][  0]LogDerivedDataCache: Display: Loaded Boot cache: C:/Users/Austin Weiler/AppData/Local/UnrealEngine/4.21/DerivedDataCache/Boot.ddc
[2019.04.17-14.59.47:007][  0]LogDerivedDataCache: FDerivedDataBackendGraph:  Pak pak cache file ../../../../../Program Files (x86)/Github Repos/SeaMadness/SeaMadness/DerivedDataCache/DDC.ddp not found, will not use a pak cache.
[2019.04.17-14.59.47:007][  0]LogDerivedDataCache: Unable to find inner node Pak for hierarchical cache Hierarchy.
[2019.04.17-14.59.47:007][  0]LogDerivedDataCache: FDerivedDataBackendGraph:  CompressedPak pak cache file ../../../../../Program Files (x86)/Github Repos/SeaMadness/SeaMadness/DerivedDataCache/Compressed.ddp not found, will not use a pak cache.
[2019.04.17-14.59.47:007][  0]LogDerivedDataCache: Unable to find inner node CompressedPak for hierarchical cache Hierarchy.
[2019.04.17-14.59.47:028][  0]LogDerivedDataCache: Display: Pak cache opened for reading ../../../Engine/DerivedDataCache/Compressed.ddp.
[2019.04.17-14.59.47:033][  0]LogDerivedDataCache: Display: Pak cache opened for reading ../../../Enterprise/DerivedDataCache/Compressed.ddp.
[2019.04.17-14.59.47:045][  0]LogDerivedDataCache: Using Local data cache path C:/Users/Austin Weiler/AppData/Local/UnrealEngine/Common/DerivedDataCache: Writable
[2019.04.17-14.59.47:045][  0]LogDerivedDataCache: Shared data cache path not found in *engine.ini, will not use an Shared cache.
[2019.04.17-14.59.47:045][  0]LogDerivedDataCache: Unable to find inner node Shared for hierarchical cache Hierarchy.
[2019.04.17-14.59.47:086][  0]LogMaterial: Verifying Global Shaders for PCD3D_SM5
[2019.04.17-14.59.47:088][  0]LogSlate: Using FreeType 2.6.0
[2019.04.17-14.59.47:089][  0]LogSlate: SlateFontServices - WITH_FREETYPE: 1, WITH_HARFBUZZ: 1
[2019.04.17-14.59.47:214][  0]LogAssetRegistry: FAssetRegistry took 0.0521 seconds to start up
[2019.04.17-14.59.47:667][  0]LogInit: Selected Device Profile: [Windows]
[2019.04.17-14.59.47:847][  0]LogSimplygon: Simplygon DLL not present - disabling.
[2019.04.17-14.59.47:850][  0]LogMeshReduction: Using SimplygonSwarm for distributed automatic mesh merging
[2019.04.17-14.59.47:850][  0]LogMeshReduction: Using ProxyLODMeshReduction for automatic mesh merging
[2019.04.17-14.59.47:850][  0]LogMeshReduction: Using QuadricMeshReduction for automatic static mesh reduction
[2019.04.17-14.59.47:850][  0]LogMeshReduction: No automatic skeletal mesh reduction module available
[2019.04.17-14.59.47:870][  0]LogNetVersion: SeaMadness 1.0.0, NetCL: 4541578, EngineNetVer: 5, GameNetVer: 0 (Checksum: 1136724634)
[2019.04.17-14.59.48:602][  0]LogPackageLocalizationCache: Processed 14 localized package path(s) for 2 prioritized culture(s) in 0.177492 seconds
[2019.04.17-14.59.48:612][  0]LogUObjectArray: 39775 objects as part of root set at end of initial load.
[2019.04.17-14.59.48:612][  0]LogUObjectAllocator: 6914664 out of 0 bytes used by permanent object pool.
[2019.04.17-14.59.48:612][  0]LogUObjectArray: CloseDisregardForGC: 0/0 objects in disregard for GC pool
[2019.04.17-14.59.49:864][  0]LogTcpMessaging: Initializing TcpMessaging bridge
[2019.04.17-14.59.49:877][  0]LogUdpMessaging: Initializing bridge on interface 0.0.0.0:0 to multicast group 230.0.0.1:6666.
[2019.04.17-14.59.50:766][  0]SourceControl: Source control is disabled
[2019.04.17-14.59.50:766][  0]SourceControl: Source control is disabled
[2019.04.17-14.59.50:776][  0]SourceControl: Source control is disabled
[2019.04.17-14.59.50:777][  0]SourceControl: Source control is disabled
[2019.04.17-14.59.50:969][  0]LogAndroidPermission: UAndroidPermissionCallbackProxy::GetInstance
[2019.04.17-14.59.51:126][  0]LogOcInput: OculusInput pre-init called
[2019.04.17-14.59.53:072][  0]LogEngine: Initializing Engine...
[2019.04.17-14.59.53:073][  0]LogHMD: Failed to initialize OpenVR with code 110
[2019.04.17-14.59.53:074][  0]LogStats: UGameplayTagsManager::ConstructGameplayTagTree: ImportINI prefixes -  0.000 s
[2019.04.17-14.59.53:074][  0]LogStats: UGameplayTagsManager::ConstructGameplayTagTree: Construct from data asset -  0.000 s
[2019.04.17-14.59.53:074][  0]LogStats: UGameplayTagsManager::ConstructGameplayTagTree: ImportINI -  0.000 s
[2019.04.17-14.59.53:074][  0]LogStats: UGameplayTagsManager::ConstructGameplayTagTree: GameplayTagTreeChangedEvent.Broadcast -  0.000 s
[2019.04.17-14.59.53:357][  0]LogInit: Initializing FReadOnlyCVARCache
[2019.04.17-14.59.53:368][  0]LogAIModule: Creating AISystem for world Untitled
[2019.04.17-14.59.53:389][  0]LogInit: XAudio2 using 'Speakers (High Definition Audio Device)' : 2 channels at 48 kHz using 16 bits per sample (channel mask 0x3)
[2019.04.17-14.59.53:414][  0]LogInit: FAudioDevice initialized.
[2019.04.17-14.59.53:414][  0]LogNetVersion: Set ProjectVersion to 1.0.0.0. Version Checksum will be recalculated on next use.
[2019.04.17-14.59.53:468][  0]LogDerivedDataCache: Saved boot cache 0.05s 71MB C:/Users/Austin Weiler/AppData/Local/UnrealEngine/4.21/DerivedDataCache/Boot.ddc.
[2019.04.17-14.59.53:485][  0]LogInit: Texture streaming: Enabled
[2019.04.17-14.59.53:512][  0]LogEngineSessionManager: EngineSessionManager initialized
[2019.04.17-14.59.53:525][  0]LogInit: Transaction tracking system initialized
[2019.04.17-14.59.53:543][  0]BlueprintLog: New page: Editor Load
[2019.04.17-14.59.53:647][  0]LocalizationService: Localization service is disabled
[2019.04.17-14.59.54:312][  0]LogFileCache: Scanning file cache for directory 'D:/Program Files (x86)/Github Repos/SeaMadness/SeaMadness/Content/' took 0.01s
[2019.04.17-14.59.54:313][  0]LogCook: Display: Max memory allowance for cook 16384mb min free memory 0mb
[2019.04.17-14.59.54:313][  0]LogCook: Display: Mobile HDR setting 1
[2019.04.17-14.59.54:313][  0]LogGameplayTags: Display: UGameplayTagsManager::DoneAddingNativeTags. DelegateIsBound: 0
[2019.04.17-14.59.54:313][  0]LogStats: UGameplayTagsManager::ConstructGameplayTagTree: ImportINI prefixes -  0.000 s
[2019.04.17-14.59.54:313][  0]LogStats: UGameplayTagsManager::ConstructGameplayTagTree: Construct from data asset -  0.000 s
[2019.04.17-14.59.54:313][  0]LogStats: UGameplayTagsManager::ConstructGameplayTagTree: ImportINI -  0.000 s
[2019.04.17-14.59.54:313][  0]LogStats: UGameplayTagsManager::ConstructGameplayTagTree: GameplayTagTreeChangedEvent.Broadcast -  0.000 s
[2019.04.17-14.59.56:054][  0]SourceControl: Source control is disabled
[2019.04.17-14.59.56:054][  0]Cmd: MAP LOAD FILE="../../../../../Program Files (x86)/Github Repos/SeaMadness/SeaMadness/Content/FirstPersonBP/Maps/FirstPersonExampleMap.umap" TEMPLATE=0 SHOWPROGRESS=1 FEATURELEVEL=3
[2019.04.17-14.59.56:054][  0]LogEditorServer: Warning: Can't find file '../../../../../Program Files (x86)/Github Repos/SeaMadness/SeaMadness/Content/FirstPersonBP/Maps/FirstPersonExampleMap.umap'
[2019.04.17-14.59.56:054][  0]Cmd: MAP CHECKDEP NOCLEARLOG
[2019.04.17-14.59.56:054][  0]MapCheck: Map check complete: 0 Error(s), 0 Warning(s), took 0.113ms to complete.
[2019.04.17-14.59.56:054][  0]LogFileHelpers: Loading map 'FirstPersonExampleMap' took 0.000
[2019.04.17-14.59.56:172][  0]LogSlate: Updating window title bar state: overlay mode, drag disabled, window buttons hidden, title bar hidden
[2019.04.17-14.59.56:180][  0]LogSlate: Updating window title bar state: overlay mode, drag disabled, window buttons hidden, title bar hidden
[2019.04.17-14.59.56:189][  0]LogSlate: Updating window title bar state: overlay mode, drag disabled, window buttons hidden, title bar hidden
[2019.04.17-14.59.56:197][  0]LogSlate: Updating window title bar state: overlay mode, drag disabled, window buttons hidden, title bar hidden
[2019.04.17-14.59.56:202][  0]LogCollectionManager: Loaded 0 collections in 0.001004 seconds
[2019.04.17-14.59.56:246][  0]LogFileCache: Scanning file cache for directory 'D:/Program Files (x86)/Github Repos/SeaMadness/SeaMadness/Saved/Collections/' took 0.01s
[2019.04.17-14.59.56:246][  0]LogFileCache: Scanning file cache for directory 'D:/Program Files (x86)/Github Repos/SeaMadness/SeaMadness/Content/Developers/AustinWeiler/Collections/' took 0.01s
[2019.04.17-14.59.56:246][  0]LogFileCache: Scanning file cache for directory 'D:/Program Files (x86)/Github Repos/SeaMadness/SeaMadness/Content/Collections/' took 0.01s
[2019.04.17-14.59.56:246][  0]LogCollectionManager: Rebuilt the GUID cache for 0 collections in 0.000000 seconds
[2019.04.17-14.59.56:271][  0]LogContentBrowser: Native class hierarchy populated in 0.0239 seconds. Added 2710 classes and 655 folders.
[2019.04.17-14.59.56:280][  0]LogContentBrowser: Native class hierarchy updated for 'WidgetCarousel' in 0.0004 seconds. Added 0 classes and 0 folders.
[2019.04.17-14.59.56:282][  0]LogPakFile: Registered encryption key '00000000000000000000000000000000': 0 pak files mounted, 0 remain pending
[2019.04.17-14.59.56:283][  0]LogPakFile: Registered encryption key '00000000000000000000000000000000': 0 pak files mounted, 0 remain pending
[2019.04.17-14.59.56:283][  0]LogPakFile: Registered encryption key '00000000000000000000000000000000': 0 pak files mounted, 0 remain pending
[2019.04.17-14.59.56:284][  0]LogPakFile: Registered encryption key '00000000000000000000000000000000': 0 pak files mounted, 0 remain pending
[2019.04.17-14.59.56:285][  0]LogPakFile: Registered encryption key '00000000000000000000000000000000': 0 pak files mounted, 0 remain pending
[2019.04.17-14.59.56:285][  0]LogPakFile: Registered encryption key '00000000000000000000000000000000': 0 pak files mounted, 0 remain pending
[2019.04.17-14.59.56:286][  0]LogPakFile: Registered encryption key '00000000000000000000000000000000': 0 pak files mounted, 0 remain pending
[2019.04.17-14.59.56:287][  0]LogPakFile: Registered encryption key '00000000000000000000000000000000': 0 pak files mounted, 0 remain pending
[2019.04.17-14.59.56:287][  0]LogPakFile: Registered encryption key '00000000000000000000000000000000': 0 pak files mounted, 0 remain pending
[2019.04.17-14.59.56:288][  0]LogPakFile: Registered encryption key '00000000000000000000000000000000': 0 pak files mounted, 0 remain pending
[2019.04.17-14.59.56:289][  0]LogPakFile: Registered encryption key '00000000000000000000000000000000': 0 pak files mounted, 0 remain pending
[2019.04.17-14.59.56:289][  0]LogPakFile: Registered encryption key '00000000000000000000000000000000': 0 pak files mounted, 0 remain pending
[2019.04.17-14.59.56:290][  0]LogPakFile: Registered encryption key '00000000000000000000000000000000': 0 pak files mounted, 0 remain pending
[2019.04.17-14.59.56:291][  0]LogPakFile: Registered encryption key '00000000000000000000000000000000': 0 pak files mounted, 0 remain pending
[2019.04.17-14.59.56:292][  0]LogPakFile: Registered encryption key '00000000000000000000000000000000': 0 pak files mounted, 0 remain pending
[2019.04.17-14.59.56:292][  0]LogPakFile: Registered encryption key '00000000000000000000000000000000': 0 pak files mounted, 0 remain pending
[2019.04.17-14.59.56:293][  0]LogPakFile: Registered encryption key '00000000000000000000000000000000': 0 pak files mounted, 0 remain pending
[2019.04.17-14.59.56:294][  0]LogPakFile: Registered encryption key '00000000000000000000000000000000': 0 pak files mounted, 0 remain pending
[2019.04.17-14.59.56:294][  0]LogPakFile: Registered encryption key '00000000000000000000000000000000': 0 pak files mounted, 0 remain pending
[2019.04.17-14.59.56:295][  0]LogPakFile: Registered encryption key '00000000000000000000000000000000': 0 pak files mounted, 0 remain pending
[2019.04.17-14.59.56:296][  0]LogPakFile: Registered encryption key '00000000000000000000000000000000': 0 pak files mounted, 0 remain pending
[2019.04.17-14.59.56:296][  0]LogPakFile: Registered encryption key '00000000000000000000000000000000': 0 pak files mounted, 0 remain pending
[2019.04.17-14.59.56:297][  0]LogPakFile: Registered encryption key '00000000000000000000000000000000': 0 pak files mounted, 0 remain pending
[2019.04.17-14.59.56:298][  0]LogPakFile: Registered encryption key '00000000000000000000000000000000': 0 pak files mounted, 0 remain pending
[2019.04.17-14.59.56:299][  0]LogPakFile: Registered encryption key '00000000000000000000000000000000': 0 pak files mounted, 0 remain pending
[2019.04.17-14.59.56:300][  0]LogPakFile: Registered encryption key '00000000000000000000000000000000': 0 pak files mounted, 0 remain pending
[2019.04.17-14.59.56:300][  0]LogPakFile: Registered encryption key '00000000000000000000000000000000': 0 pak files mounted, 0 remain pending
[2019.04.17-14.59.56:301][  0]LogPakFile: Registered encryption key '00000000000000000000000000000000': 0 pak files mounted, 0 remain pending
[2019.04.17-14.59.56:355][  0]LogContentBrowser: Native class hierarchy updated for 'AddContentDialog' in 0.0003 seconds. Added 0 classes and 0 folders.
[2019.04.17-14.59.56:370][  0]LogSlate: Took 0.000260 seconds to synchronously load lazily loaded font '../../../Engine/Content/Slate/Fonts/Roboto-Regular.ttf' (155K)
[2019.04.17-14.59.56:372][  0]LogSlate: Took 0.000226 seconds to synchronously load lazily loaded font '../../../Engine/Content/Slate/Fonts/Roboto-Bold.ttf' (160K)
[2019.04.17-14.59.56:378][  0]LogSlate: Took 0.000268 seconds to synchronously load lazily loaded font '../../../Engine/Content/Editor/Slate/Fonts/FontAwesome.ttf' (139K)
[2019.04.17-14.59.56:461][  0]LogRenderer: Reallocating scene render targets to support 1164x664 Format 10 NumSamples 1 (Frame:1).
[2019.04.17-14.59.56:551][  0]LogContentBrowser: Native class hierarchy updated for 'HierarchicalLODOutliner' in 0.0004 seconds. Added 0 classes and 0 folders.
[2019.04.17-14.59.56:551][  0]LogLoad: (Engine Initialization) Total time: 15.02 seconds
[2019.04.17-14.59.56:551][  0]LogLoad: (Engine Initialization) Total Blueprint compile time: 0.00 seconds
[2019.04.17-14.59.56:592][  0]LogAssetRegistry: Asset discovery search completed in 9.4011 seconds
[2019.04.17-14.59.56:594][  0]LogCollectionManager: Rebuilt the object cache for 0 collections in 0.000000 seconds (found 0 objects)
[2019.04.17-14.59.56:594][  0]LogCollectionManager: Fixed up redirectors for 0 collections in 0.000075 seconds (updated 0 objects)
[2019.04.17-14.59.56:597][  0]LogContentStreaming: Texture pool size now 1000 MB
[2019.04.17-14.59.56:632][  0]LogSlate: Took 0.000414 seconds to synchronously load lazily loaded font '../../../Engine/Content/Slate/Fonts/Roboto-Light.ttf' (167K)
[2019.04.17-15.00.02:547][514]LogSlate: FSceneViewport::OnFocusLost() reason 2
[2019.04.17-15.00.03:947][680]LogSlate: FSceneViewport::OnFocusLost() reason 2
[2019.04.17-15.00.09:671][362]LogSlate: Window 'Open Level' being destroyed
[2019.04.17-15.00.10:347][440]LogSlate: FSceneViewport::OnFocusLost() reason 2
[2019.04.17-15.00.20:070][560]LogSlate: FSceneViewport::OnFocusLost() reason 2
[2019.04.17-15.00.21:666][751]LogSlate: FSceneViewport::OnFocusLost() reason 2
[2019.04.17-15.00.24:824][751]LogSlate: Only BGRA pngs, bmps or icos are supported in by External Image Picker
[2019.04.17-15.00.24:916][752]LogTemp: Executing iPhonePackager certificates Engine -bundlename com.YourCompany.SeaMadness
[2019.04.17-15.00.24:916][752]LogTemp: CWD: D:\UE4\UE_4.21\Engine\Binaries\DotNET\IOS
[2019.04.17-15.00.24:916][752]LogTemp: Initial Dir: D:\UE4\UE_4.21
[2019.04.17-15.00.24:916][752]LogTemp: Env CWD: D:\UE4\UE_4.21\Engine\Binaries\DotNET\IOS
[2019.04.17-15.00.24:916][752]LogTemp: BranchPath = DESKTOP-EF7ETIK/D/UE4/UE_4.21/Engine/Binaries --- GameBranchPath = DESKTOP-EF7ETIK/D/UE4/UE_4.21/Engine/Binaries
[2019.04.17-15.00.24:916][752]LogTemp: IPP ERROR: Could not find provision directory 'C:\Users\Austin Weiler\AppData\Local/Apple Computer/MobileDevice/Provisioning Profiles/'.
[2019.04.17-15.00.32:633][566]LogLinker: Warning: Can't find file '/Game/FirstPersonBP/Blueprints/FirstPersonGameMode'
[2019.04.17-15.00.32:633][566]LogLinker: Warning: Can't find file '/Game/FirstPersonBP/Blueprints/FirstPersonGameMode'
[2019.04.17-15.00.32:633][566]LogUObjectGlobals: Warning: Failed to find object 'Class /Game/FirstPersonBP/Blueprints/FirstPersonGameMode.FirstPersonGameMode_C'
[2019.04.17-15.00.33:924][704]LogSlate: Took 0.000298 seconds to synchronously load lazily loaded font '../../../Engine/Content/Slate/Fonts/Roboto-Light.ttf' (167K)
[2019.04.17-15.00.33:972][704]LogSlate: FSceneViewport::OnFocusLost() reason 2
[2019.04.17-15.00.37:227][ 54]LogSlate: Prevented a slow task dialog from being summoned while a context menu was open
[2019.04.17-15.00.38:466][176]LogSlate: Prevented a slow task dialog from being summoned while a context menu was open
[2019.04.17-15.00.52:758][743]LogSlate: Window 'Project Settings' being destroyed
[2019.04.17-15.00.52:761][743]LogSlate: Window 'Project Settings' being destroyed
[2019.04.17-15.00.54:079][895]LogSlate: FSceneViewport::OnFocusLost() reason 2
[2019.04.17-15.00.55:369][ 49]LogSlate: FSceneViewport::OnFocusLost() reason 2
[2019.04.17-15.01.03:115][891]Cmd: MAP LOAD FILE="../../../../../Program Files (x86)/Github Repos/SeaMadness/SeaMadness/Content/TemplateStuff/FirstPersonBP/Maps/FirstPersonExampleMap.umap" TEMPLATE=0 SHOWPROGRESS=1 FEATURELEVEL=3
[2019.04.17-15.01.03:127][891]LightingResults: New page: Lighting Build
[2019.04.17-15.01.03:130][891]LogContentBrowser: Native class hierarchy updated for 'StatsViewer' in 0.0004 seconds. Added 5 classes and 0 folders.
[2019.04.17-15.01.03:131][891]LoadErrors: New page: Loading map: FirstPersonExampleMap.umap
[2019.04.17-15.01.03:131][891]MapCheck: New page: Map Check
[2019.04.17-15.01.03:131][891]LightingResults: New page: Lighting Build
[2019.04.17-15.01.03:280][891]LogLinker: Warning: Can't find file '/Game/TemplateStuff/FirstPersonBP/Maps/FirstPersonExampleMap_BuiltData'
[2019.04.17-15.01.03:280][891]LogLinker: Warning: Can't find file for asset '/Game/TemplateStuff/FirstPersonBP/Maps/FirstPersonExampleMap_BuiltData' while loading ../../../../../Program Files (x86)/Github Repos/SeaMadness/SeaMadness/Content/TemplateStuff/FirstPersonBP/Maps/FirstPersonExampleMap.umap.
[2019.04.17-15.01.03:280][891]LoadErrors: Error: /Game/TemplateStuff/FirstPersonBP/Maps/FirstPersonExampleMap : Can't find file for asset. /Game/TemplateStuff/FirstPersonBP/Maps/FirstPersonExampleMap_BuiltData
[2019.04.17-15.01.03:286][891]LogLinker: Warning: Can't find file '/Game/TemplateStuff/FirstPersonBP/Maps/FirstPersonExampleMap_BuiltData'
[2019.04.17-15.01.03:286][891]LogLinker: Warning: Can't find file for asset '/Game/TemplateStuff/FirstPersonBP/Maps/FirstPersonExampleMap_BuiltData' while loading ../../../../../Program Files (x86)/Github Repos/SeaMadness/SeaMadness/Content/TemplateStuff/FirstPersonBP/Maps/FirstPersonExampleMap.umap.
[2019.04.17-15.01.03:292][891]LogLinker: Warning: Can't find file '/Game/TemplateStuff/FirstPersonBP/Maps/FirstPersonExampleMap_BuiltData'
[2019.04.17-15.01.03:292][891]LogLinker: Warning: Can't find file for asset '/Game/TemplateStuff/FirstPersonBP/Maps/FirstPersonExampleMap_BuiltData' while loading NULL.
[2019.04.17-15.01.03:292][891]LogLinker: Warning: Can't find file '/Game/TemplateStuff/FirstPersonBP/Maps/FirstPersonExampleMap_BuiltData'
[2019.04.17-15.01.03:292][891]LogLinker: Warning: Can't find file for asset '/Game/TemplateStuff/FirstPersonBP/Maps/FirstPersonExampleMap_BuiltData' while loading NULL.
[2019.04.17-15.01.03:300][891]LogLinker: Warning: Can't find file '/Game/TemplateStuff/FirstPersonBP/Maps/FirstPersonExampleMap_BuiltData'
[2019.04.17-15.01.03:300][891]LoadErrors: Failed to load /Game/TemplateStuff/FirstPersonBP/Maps/FirstPersonExampleMap_BuiltData.FirstPersonExampleMap_BuiltData Referenced by PersistentLevel
[2019.04.17-15.01.03:300][891]LogLinker: Warning: Can't find file for asset '/Game/TemplateStuff/FirstPersonBP/Maps/FirstPersonExampleMap_BuiltData' while loading NULL.
[2019.04.17-15.01.03:444][891]LogAIModule: Creating AISystem for world FirstPersonExampleMap
[2019.04.17-15.01.03:461][891]LogEditorServer: Finished looking for orphan Actors (0.000 secs)
[2019.04.17-15.01.03:570][891]Cmd: MAP CHECKDEP NOCLEARLOG
[2019.04.17-15.01.03:571][891]MapCheck: Map check complete: 0 Error(s), 0 Warning(s), took 0.112ms to complete.
[2019.04.17-15.01.03:571][891]LogFileHelpers: Loading map 'FirstPersonExampleMap' took 0.455
[2019.04.17-15.01.03:573][891]LogSlate: Window 'Open Level' being destroyed
[2019.04.17-15.01.04:801][ 30]LogSlate: Window 'Message Log' being destroyed
[2019.04.17-15.01.04:804][ 30]LogSlate: Window 'Message Log' being destroyed
[2019.04.17-15.01.16:712][857]LogSlate: FSceneViewport::OnFocusLost() reason 2
[2019.04.17-15.01.17:006][891]LogSlate: FSceneViewport::OnFocusLost() reason 2
[2019.04.17-15.01.18:004][ 10]LogSlate: FSceneViewport::OnFocusLost() reason 2
[2019.04.17-15.01.19:577][ 10]LogSlate: Only BGRA pngs, bmps or icos are supported in by External Image Picker
[2019.04.17-15.01.19:670][ 12]LogTemp: Executing iPhonePackager certificates Engine -bundlename com.YourCompany.SeaMadness
[2019.04.17-15.01.19:670][ 12]LogTemp: CWD: D:\UE4\UE_4.21\Engine\Binaries\DotNET\IOS
[2019.04.17-15.01.19:670][ 12]LogTemp: Initial Dir: D:\UE4\UE_4.21
[2019.04.17-15.01.19:670][ 12]LogTemp: Env CWD: D:\UE4\UE_4.21\Engine\Binaries\DotNET\IOS
[2019.04.17-15.01.19:679][ 13]LogTemp: BranchPath = DESKTOP-EF7ETIK/D/UE4/UE_4.21/Engine/Binaries --- GameBranchPath = DESKTOP-EF7ETIK/D/UE4/UE_4.21/Engine/Binaries
[2019.04.17-15.01.19:689][ 14]LogTemp: IPP ERROR: Could not find provision directory 'C:\Users\Austin Weiler\AppData\Local/Apple Computer/MobileDevice/Provisioning Profiles/'.
[2019.04.17-15.01.33:882][534]LogSlate: Window 'Project Settings' being destroyed
[2019.04.17-15.01.33:886][534]LogSlate: Window 'Project Settings' being destroyed
[2019.04.17-15.01.34:342][586]LogSlate: FSceneViewport::OnFocusLost() reason 0
[2019.04.17-15.01.34:424][596]LogTemp: Repeating last play command: Selected Viewport
[2019.04.17-15.01.34:444][596]LogBlueprintUserMessages: Early PlayInEditor Detection: Level '/Game/TemplateStuff/FirstPersonBP/Maps/FirstPersonExampleMap.FirstPersonExampleMap:PersistentLevel' has LevelScriptBlueprint '/Game/TemplateStuff/FirstPersonBP/Maps/FirstPersonExampleMap.FirstPersonExampleMap:PersistentLevel.FirstPersonExampleMap' with GeneratedClass '/Game/TemplateStuff/FirstPersonBP/Maps/FirstPersonExampleMap.FirstPersonExampleMap_C' with ClassGeneratedBy '/Game/TemplateStuff/FirstPersonBP/Maps/FirstPersonExampleMap.FirstPersonExampleMap:PersistentLevel.FirstPersonExampleMap'
[2019.04.17-15.01.34:445][596]LogPlayLevel: PlayLevel: No blueprints needed recompiling
[2019.04.17-15.01.34:445][596]PIE: New page: PIE session: FirstPersonExampleMap (Apr 17, 2019, 7:01:34 AM)
[2019.04.17-15.01.34:458][596]LogPlayLevel: Creating play world package: /Game/TemplateStuff/FirstPersonBP/Maps/UEDPIE_0_FirstPersonExampleMap
[2019.04.17-15.01.34:473][596]LogPlayLevel: PIE: StaticDuplicateObject took: (0.015329s)
[2019.04.17-15.01.34:474][596]LogAIModule: Creating AISystem for world FirstPersonExampleMap
[2019.04.17-15.01.34:474][596]LogPlayLevel: PIE: World Init took: (0.000642s)
[2019.04.17-15.01.34:474][596]LogPlayLevel: PIE: Created PIE world by copying editor world from /Game/TemplateStuff/FirstPersonBP/Maps/FirstPersonExampleMap.FirstPersonExampleMap to /Game/TemplateStuff/FirstPersonBP/Maps/UEDPIE_0_FirstPersonExampleMap.FirstPersonExampleMap (0.016308s)
[2019.04.17-15.01.34:537][596]LogInit: XAudio2 using 'Speakers (High Definition Audio Device)' : 2 channels at 48 kHz using 16 bits per sample (channel mask 0x3)
[2019.04.17-15.01.34:548][596]LogInit: FAudioDevice initialized.
[2019.04.17-15.01.34:596][596]LogLoad: Game class is 'FirstPersonGameMode_C'
[2019.04.17-15.01.34:600][596]LogWorld: Bringing World /Game/TemplateStuff/FirstPersonBP/Maps/UEDPIE_0_FirstPersonExampleMap.FirstPersonExampleMap up for play (max tick rate 0) at 2019.04.17-11.01.34
[2019.04.17-15.01.34:601][596]LogWorld: Bringing up level for play took: 0.002266
[2019.04.17-15.01.34:617][596]LogSpawn: Warning: SpawnActor failed because no class was specified
[2019.04.17-15.01.34:624][596]LogContentBrowser: Native class hierarchy updated for 'MovieSceneCapture' in 0.0008 seconds. Added 20 classes and 0 folders.
[2019.04.17-15.01.34:625][596]PIE: Play in editor start time for /Game/TemplateStuff/FirstPersonBP/Maps/UEDPIE_0_FirstPersonExampleMap 1.168
[2019.04.17-15.01.34:626][596]LogBlueprintUserMessages: Late PlayInEditor Detection: Level '/Game/TemplateStuff/FirstPersonBP/Maps/FirstPersonExampleMap.FirstPersonExampleMap:PersistentLevel' has LevelScriptBlueprint '/Game/TemplateStuff/FirstPersonBP/Maps/FirstPersonExampleMap.FirstPersonExampleMap:PersistentLevel.FirstPersonExampleMap' with GeneratedClass '/Game/TemplateStuff/FirstPersonBP/Maps/FirstPersonExampleMap.FirstPersonExampleMap_C' with ClassGeneratedBy '/Game/TemplateStuff/FirstPersonBP/Maps/FirstPersonExampleMap.FirstPersonExampleMap:PersistentLevel.FirstPersonExampleMap'
[2019.04.17-15.01.36:598][826]LogBlueprintUserMessages: [Wrench_Pickup_2] Acquired Wrench
[2019.04.17-15.01.37:241][903]LogBlueprintUserMessages: Early EndPlayMap Detection: Level '/Game/TemplateStuff/FirstPersonBP/Maps/FirstPersonExampleMap.FirstPersonExampleMap:PersistentLevel' has LevelScriptBlueprint '/Game/TemplateStuff/FirstPersonBP/Maps/FirstPersonExampleMap.FirstPersonExampleMap:PersistentLevel.FirstPersonExampleMap' with GeneratedClass '/Game/TemplateStuff/FirstPersonBP/Maps/FirstPersonExampleMap.FirstPersonExampleMap_C' with ClassGeneratedBy '/Game/TemplateStuff/FirstPersonBP/Maps/FirstPersonExampleMap.FirstPersonExampleMap:PersistentLevel.FirstPersonExampleMap'
[2019.04.17-15.01.37:241][903]LogSlate: Updating window title bar state: overlay mode, drag disabled, window buttons hidden, title bar hidden
[2019.04.17-15.01.37:276][903]LogPlayLevel: Display: Shutting down PIE online subsystems
[2019.04.17-15.01.37:276][903]LogBlueprintUserMessages: Late EndPlayMap Detection: Level '/Game/TemplateStuff/FirstPersonBP/Maps/FirstPersonExampleMap.FirstPersonExampleMap:PersistentLevel' has LevelScriptBlueprint '/Game/TemplateStuff/FirstPersonBP/Maps/FirstPersonExampleMap.FirstPersonExampleMap:PersistentLevel.FirstPersonExampleMap' with GeneratedClass '/Game/TemplateStuff/FirstPersonBP/Maps/FirstPersonExampleMap.FirstPersonExampleMap_C' with ClassGeneratedBy '/Game/TemplateStuff/FirstPersonBP/Maps/FirstPersonExampleMap.FirstPersonExampleMap:PersistentLevel.FirstPersonExampleMap'
[2019.04.17-15.01.37:334][903]LogSlate: Updating window title bar state: overlay mode, drag disabled, window buttons hidden, title bar hidden
[2019.04.17-15.01.37:350][904]LogPlayLevel: Display: Destroying online subsystem :Context_2
[2019.04.17-15.01.39:134][ 96]LogSlate: FSceneViewport::OnFocusLost() reason 0
[2019.04.17-15.01.39:519][105]LogSavePackage: Moving '../../../../../Program Files (x86)/Github Repos/SeaMadness/SeaMadness/Saved/FirstPersonExampleMap0D3B820D4A64BC96D2531E9EF137FE3F.tmp' to '../../../../../Program Files (x86)/Github Repos/SeaMadness/SeaMadness/Content/TemplateStuff/FirstPersonBP/Maps/FirstPersonExampleMap.umap'
